Nov 06 2023 01:58:37
{"type":8,"message":"Undefined variable: functions","file":"\/Users\/sarniel\/Local Sites\/commercemediav2\/app\/public\/wp-content\/plugins\/wp-all-export-pro\/wp-all-export-pro.php","line":447}

Mar 25 2025 02:12:56
{"type":8192,"message":"Return type of Ai1wm_Recursive_Newline_Filter::accept() should either be compatible with FilterIterator::accept(): bool, or the #[\\ReturnTypeWillChange] attribute should be used to temporarily suppress the notice","file":"\/Users\/sarniel\/Local Sites\/ampt\/app\/public\/wp-content\/plugins\/all-in-one-wp-migration-master\/lib\/vendor\/servmask\/filter\/class-ai1wm-recursive-newline-filter.php","line":28}

Mar 25 2025 02:12:56
{"type":8192,"message":"Return type of Ai1wm_Recursive_Newline_Filter::accept() should either be compatible with FilterIterator::accept(): bool, or the #[\\ReturnTypeWillChange] attribute should be used to temporarily suppress the notice","file":"\/Users\/sarniel\/Local Sites\/ampt\/app\/public\/wp-content\/plugins\/all-in-one-wp-migration-master\/lib\/vendor\/servmask\/filter\/class-ai1wm-recursive-newline-filter.php","line":28}

Mar 25 2025 02:12:56
{"type":8192,"message":"Return type of Ai1wm_Recursive_Newline_Filter::accept() should either be compatible with FilterIterator::accept(): bool, or the #[\\ReturnTypeWillChange] attribute should be used to temporarily suppress the notice","file":"\/Users\/sarniel\/Local Sites\/ampt\/app\/public\/wp-content\/plugins\/all-in-one-wp-migration-master\/lib\/vendor\/servmask\/filter\/class-ai1wm-recursive-newline-filter.php","line":28}

Mar 25 2025 02:13:00
{"type":8192,"message":"Return type of Ai1wm_Recursive_Newline_Filter::accept() should either be compatible with FilterIterator::accept(): bool, or the #[\\ReturnTypeWillChange] attribute should be used to temporarily suppress the notice","file":"\/Users\/sarniel\/Local Sites\/ampt\/app\/public\/wp-content\/plugins\/all-in-one-wp-migration-master\/lib\/vendor\/servmask\/filter\/class-ai1wm-recursive-newline-filter.php","line":28}

Mar 25 2025 02:13:00
{"type":8192,"message":"Return type of Ai1wm_Recursive_Newline_Filter::accept() should either be compatible with FilterIterator::accept(): bool, or the #[\\ReturnTypeWillChange] attribute should be used to temporarily suppress the notice","file":"\/Users\/sarniel\/Local Sites\/ampt\/app\/public\/wp-content\/plugins\/all-in-one-wp-migration-master\/lib\/vendor\/servmask\/filter\/class-ai1wm-recursive-newline-filter.php","line":28}

Mar 25 2025 02:13:01
{"type":8192,"message":"Return type of Ai1wm_Recursive_Newline_Filter::accept() should either be compatible with FilterIterator::accept(): bool, or the #[\\ReturnTypeWillChange] attribute should be used to temporarily suppress the notice","file":"\/Users\/sarniel\/Local Sites\/ampt\/app\/public\/wp-content\/plugins\/all-in-one-wp-migration-master\/lib\/vendor\/servmask\/filter\/class-ai1wm-recursive-newline-filter.php","line":28}

Mar 25 2025 02:13:01
{"type":8192,"message":"Return type of Ai1wm_Recursive_Newline_Filter::accept() should either be compatible with FilterIterator::accept(): bool, or the #[\\ReturnTypeWillChange] attribute should be used to temporarily suppress the notice","file":"\/Users\/sarniel\/Local Sites\/ampt\/app\/public\/wp-content\/plugins\/all-in-one-wp-migration-master\/lib\/vendor\/servmask\/filter\/class-ai1wm-recursive-newline-filter.php","line":28}

Mar 25 2025 02:13:01
{"Number":8192,"Message":"rtrim(): Passing null to parameter #1 ($string) of type string is deprecated","File":"\/Users\/sarniel\/Local Sites\/ampt\/app\/public\/wp-includes\/formatting.php","Line":2819}

Mar 25 2025 02:13:01
{"Number":8192,"Message":"rtrim(): Passing null to parameter #1 ($string) of type string is deprecated","File":"\/Users\/sarniel\/Local Sites\/ampt\/app\/public\/wp-includes\/formatting.php","Line":2819}

Mar 25 2025 02:13:01
{"Number":8192,"Message":"rtrim(): Passing null to parameter #1 ($string) of type string is deprecated","File":"\/Users\/sarniel\/Local Sites\/ampt\/app\/public\/wp-includes\/formatting.php","Line":2819}

Mar 25 2025 02:13:01
{"Number":8192,"Message":"rtrim(): Passing null to parameter #1 ($string) of type string is deprecated","File":"\/Users\/sarniel\/Local Sites\/ampt\/app\/public\/wp-includes\/formatting.php","Line":2819}

Mar 25 2025 02:13:01
{"Number":8192,"Message":"rtrim(): Passing null to parameter #1 ($string) of type string is deprecated","File":"\/Users\/sarniel\/Local Sites\/ampt\/app\/public\/wp-includes\/formatting.php","Line":2819}

Mar 25 2025 02:13:01
{"Number":8192,"Message":"rtrim(): Passing null to parameter #1 ($string) of type string is deprecated","File":"\/Users\/sarniel\/Local Sites\/ampt\/app\/public\/wp-includes\/formatting.php","Line":2819}

Mar 25 2025 02:13:01
{"Number":8192,"Message":"rtrim(): Passing null to parameter #1 ($string) of type string is deprecated","File":"\/Users\/sarniel\/Local Sites\/ampt\/app\/public\/wp-includes\/formatting.php","Line":2819}

Mar 25 2025 02:13:01
{"Number":8192,"Message":"rtrim(): Passing null to parameter #1 ($string) of type string is deprecated","File":"\/Users\/sarniel\/Local Sites\/ampt\/app\/public\/wp-includes\/formatting.php","Line":2819}

Mar 25 2025 02:13:01
{"Number":8192,"Message":"rtrim(): Passing null to parameter #1 ($string) of type string is deprecated","File":"\/Users\/sarniel\/Local Sites\/ampt\/app\/public\/wp-includes\/formatting.php","Line":2819}

Mar 25 2025 02:13:01
{"Number":8192,"Message":"rtrim(): Passing null to parameter #1 ($string) of type string is deprecated","File":"\/Users\/sarniel\/Local Sites\/ampt\/app\/public\/wp-includes\/formatting.php","Line":2819}

Mar 25 2025 02:13:01
{"Number":8192,"Message":"rtrim(): Passing null to parameter #1 ($string) of type string is deprecated","File":"\/Users\/sarniel\/Local Sites\/ampt\/app\/public\/wp-includes\/formatting.php","Line":2819}

Mar 25 2025 02:13:01
{"Number":8192,"Message":"rtrim(): Passing null to parameter #1 ($string) of type string is deprecated","File":"\/Users\/sarniel\/Local Sites\/ampt\/app\/public\/wp-includes\/formatting.php","Line":2819}

Mar 25 2025 02:13:01
{"Number":8192,"Message":"rtrim(): Passing null to parameter #1 ($string) of type string is deprecated","File":"\/Users\/sarniel\/Local Sites\/ampt\/app\/public\/wp-includes\/formatting.php","Line":2819}

Mar 25 2025 02:13:01
{"Number":8192,"Message":"rtrim(): Passing null to parameter #1 ($string) of type string is deprecated","File":"\/Users\/sarniel\/Local Sites\/ampt\/app\/public\/wp-includes\/formatting.php","Line":2819}

Mar 25 2025 02:13:01
{"Number":8192,"Message":"rtrim(): Passing null to parameter #1 ($string) of type string is deprecated","File":"\/Users\/sarniel\/Local Sites\/ampt\/app\/public\/wp-includes\/formatting.php","Line":2819}

Mar 25 2025 02:13:01
{"Number":8192,"Message":"rtrim(): Passing null to parameter #1 ($string) of type string is deprecated","File":"\/Users\/sarniel\/Local Sites\/ampt\/app\/public\/wp-includes\/formatting.php","Line":2819}

Mar 25 2025 02:13:01
{"Number":8192,"Message":"rtrim(): Passing null to parameter #1 ($string) of type string is deprecated","File":"\/Users\/sarniel\/Local Sites\/ampt\/app\/public\/wp-includes\/formatting.php","Line":2819}

Mar 25 2025 02:13:01
{"Number":8192,"Message":"rtrim(): Passing null to parameter #1 ($string) of type string is deprecated","File":"\/Users\/sarniel\/Local Sites\/ampt\/app\/public\/wp-includes\/formatting.php","Line":2819}

Mar 25 2025 02:13:01
{"Number":8192,"Message":"rtrim(): Passing null to parameter #1 ($string) of type string is deprecated","File":"\/Users\/sarniel\/Local Sites\/ampt\/app\/public\/wp-includes\/formatting.php","Line":2819}

Mar 25 2025 02:13:01
{"Number":8192,"Message":"rtrim(): Passing null to parameter #1 ($string) of type string is deprecated","File":"\/Users\/sarniel\/Local Sites\/ampt\/app\/public\/wp-includes\/formatting.php","Line":2819}

Mar 25 2025 02:13:01
{"Number":8192,"Message":"rtrim(): Passing null to parameter #1 ($string) of type string is deprecated","File":"\/Users\/sarniel\/Local Sites\/ampt\/app\/public\/wp-includes\/formatting.php","Line":2819}

Mar 25 2025 02:13:01
{"Number":8192,"Message":"rtrim(): Passing null to parameter #1 ($string) of type string is deprecated","File":"\/Users\/sarniel\/Local Sites\/ampt\/app\/public\/wp-includes\/formatting.php","Line":2819}

Mar 25 2025 02:13:01
{"Number":8192,"Message":"rtrim(): Passing null to parameter #1 ($string) of type string is deprecated","File":"\/Users\/sarniel\/Local Sites\/ampt\/app\/public\/wp-includes\/formatting.php","Line":2819}

Mar 25 2025 02:13:01
{"Number":8192,"Message":"rtrim(): Passing null to parameter #1 ($string) of type string is deprecated","File":"\/Users\/sarniel\/Local Sites\/ampt\/app\/public\/wp-includes\/formatting.php","Line":2819}

Mar 25 2025 02:13:01
{"Number":8192,"Message":"rtrim(): Passing null to parameter #1 ($string) of type string is deprecated","File":"\/Users\/sarniel\/Local Sites\/ampt\/app\/public\/wp-includes\/formatting.php","Line":2819}

Mar 25 2025 02:13:01
{"Number":8192,"Message":"rtrim(): Passing null to parameter #1 ($string) of type string is deprecated","File":"\/Users\/sarniel\/Local Sites\/ampt\/app\/public\/wp-includes\/formatting.php","Line":2819}

Mar 25 2025 02:13:01
{"Number":8192,"Message":"rtrim(): Passing null to parameter #1 ($string) of type string is deprecated","File":"\/Users\/sarniel\/Local Sites\/ampt\/app\/public\/wp-includes\/formatting.php","Line":2819}

Mar 25 2025 02:13:01
{"Number":8192,"Message":"rtrim(): Passing null to parameter #1 ($string) of type string is deprecated","File":"\/Users\/sarniel\/Local Sites\/ampt\/app\/public\/wp-includes\/formatting.php","Line":2819}

Mar 25 2025 02:13:01
{"Number":8192,"Message":"rtrim(): Passing null to parameter #1 ($string) of type string is deprecated","File":"\/Users\/sarniel\/Local Sites\/ampt\/app\/public\/wp-includes\/formatting.php","Line":2819}

Mar 25 2025 02:13:01
{"Number":8192,"Message":"rtrim(): Passing null to parameter #1 ($string) of type string is deprecated","File":"\/Users\/sarniel\/Local Sites\/ampt\/app\/public\/wp-includes\/formatting.php","Line":2819}

Mar 25 2025 02:13:01
{"Number":8192,"Message":"rtrim(): Passing null to parameter #1 ($string) of type string is deprecated","File":"\/Users\/sarniel\/Local Sites\/ampt\/app\/public\/wp-includes\/formatting.php","Line":2819}

Mar 25 2025 02:13:01
{"Number":8192,"Message":"rtrim(): Passing null to parameter #1 ($string) of type string is deprecated","File":"\/Users\/sarniel\/Local Sites\/ampt\/app\/public\/wp-includes\/formatting.php","Line":2819}

Mar 25 2025 02:13:01
{"Number":8192,"Message":"rtrim(): Passing null to parameter #1 ($string) of type string is deprecated","File":"\/Users\/sarniel\/Local Sites\/ampt\/app\/public\/wp-includes\/formatting.php","Line":2819}

Mar 25 2025 02:13:01
{"Number":8192,"Message":"rtrim(): Passing null to parameter #1 ($string) of type string is deprecated","File":"\/Users\/sarniel\/Local Sites\/ampt\/app\/public\/wp-includes\/formatting.php","Line":2819}

Mar 25 2025 02:13:01
{"Number":8192,"Message":"rtrim(): Passing null to parameter #1 ($string) of type string is deprecated","File":"\/Users\/sarniel\/Local Sites\/ampt\/app\/public\/wp-includes\/formatting.php","Line":2819}

Mar 25 2025 02:13:01
{"Number":8192,"Message":"rtrim(): Passing null to parameter #1 ($string) of type string is deprecated","File":"\/Users\/sarniel\/Local Sites\/ampt\/app\/public\/wp-includes\/formatting.php","Line":2819}

Mar 25 2025 02:13:01
{"type":8192,"message":"Return type of Ai1wm_Recursive_Newline_Filter::accept() should either be compatible with FilterIterator::accept(): bool, or the #[\\ReturnTypeWillChange] attribute should be used to temporarily suppress the notice","file":"\/Users\/sarniel\/Local Sites\/ampt\/app\/public\/wp-content\/plugins\/all-in-one-wp-migration-master\/lib\/vendor\/servmask\/filter\/class-ai1wm-recursive-newline-filter.php","line":28}

Mar 25 2025 02:13:01
{"type":8192,"message":"Return type of Ai1wm_Recursive_Newline_Filter::accept() should either be compatible with FilterIterator::accept(): bool, or the #[\\ReturnTypeWillChange] attribute should be used to temporarily suppress the notice","file":"\/Users\/sarniel\/Local Sites\/ampt\/app\/public\/wp-content\/plugins\/all-in-one-wp-migration-master\/lib\/vendor\/servmask\/filter\/class-ai1wm-recursive-newline-filter.php","line":28}

Mar 25 2025 02:13:02
{"type":8192,"message":"Return type of Ai1wm_Recursive_Newline_Filter::accept() should either be compatible with FilterIterator::accept(): bool, or the #[\\ReturnTypeWillChange] attribute should be used to temporarily suppress the notice","file":"\/Users\/sarniel\/Local Sites\/ampt\/app\/public\/wp-content\/plugins\/all-in-one-wp-migration-master\/lib\/vendor\/servmask\/filter\/class-ai1wm-recursive-newline-filter.php","line":28}

Mar 27 2025 06:04:29
{"Number":8192,"Message":"explode(): Passing null to parameter #2 ($string) of type string is deprecated","File":"\/Users\/sarniel\/Local Sites\/ampt\/app\/public\/wp-content\/plugins\/all-in-one-wp-migration-master\/functions.php","Line":338}

Mar 27 2025 06:04:29
{"type":8192,"message":"Return type of Ai1wm_Recursive_Newline_Filter::accept() should either be compatible with FilterIterator::accept(): bool, or the #[\\ReturnTypeWillChange] attribute should be used to temporarily suppress the notice","file":"\/Users\/sarniel\/Local Sites\/ampt\/app\/public\/wp-content\/plugins\/all-in-one-wp-migration-master\/lib\/vendor\/servmask\/filter\/class-ai1wm-recursive-newline-filter.php","line":28}

Mar 27 2025 06:04:29
{"type":8192,"message":"Return type of Ai1wm_Recursive_Newline_Filter::accept() should either be compatible with FilterIterator::accept(): bool, or the #[\\ReturnTypeWillChange] attribute should be used to temporarily suppress the notice","file":"\/Users\/sarniel\/Local Sites\/ampt\/app\/public\/wp-content\/plugins\/all-in-one-wp-migration-master\/lib\/vendor\/servmask\/filter\/class-ai1wm-recursive-newline-filter.php","line":28}

Mar 27 2025 06:04:29
{"type":8192,"message":"Return type of Ai1wm_Recursive_Newline_Filter::accept() should either be compatible with FilterIterator::accept(): bool, or the #[\\ReturnTypeWillChange] attribute should be used to temporarily suppress the notice","file":"\/Users\/sarniel\/Local Sites\/ampt\/app\/public\/wp-content\/plugins\/all-in-one-wp-migration-master\/lib\/vendor\/servmask\/filter\/class-ai1wm-recursive-newline-filter.php","line":28}

Mar 27 2025 06:04:29
{"type":8192,"message":"Return type of Ai1wm_Recursive_Newline_Filter::accept() should either be compatible with FilterIterator::accept(): bool, or the #[\\ReturnTypeWillChange] attribute should be used to temporarily suppress the notice","file":"\/Users\/sarniel\/Local Sites\/ampt\/app\/public\/wp-content\/plugins\/all-in-one-wp-migration-master\/lib\/vendor\/servmask\/filter\/class-ai1wm-recursive-newline-filter.php","line":28}

Mar 27 2025 06:04:30
{"type":8192,"message":"Return type of Ai1wm_Recursive_Newline_Filter::accept() should either be compatible with FilterIterator::accept(): bool, or the #[\\ReturnTypeWillChange] attribute should be used to temporarily suppress the notice","file":"\/Users\/sarniel\/Local Sites\/ampt\/app\/public\/wp-content\/plugins\/all-in-one-wp-migration-master\/lib\/vendor\/servmask\/filter\/class-ai1wm-recursive-newline-filter.php","line":28}

Mar 27 2025 06:04:37
{"type":8192,"message":"Return type of Ai1wm_Recursive_Newline_Filter::accept() should either be compatible with FilterIterator::accept(): bool, or the #[\\ReturnTypeWillChange] attribute should be used to temporarily suppress the notice","file":"\/Users\/sarniel\/Local Sites\/ampt\/app\/public\/wp-content\/plugins\/all-in-one-wp-migration-master\/lib\/vendor\/servmask\/filter\/class-ai1wm-recursive-newline-filter.php","line":28}

Mar 27 2025 06:04:37
{"type":8192,"message":"Return type of Ai1wm_Recursive_Newline_Filter::accept() should either be compatible with FilterIterator::accept(): bool, or the #[\\ReturnTypeWillChange] attribute should be used to temporarily suppress the notice","file":"\/Users\/sarniel\/Local Sites\/ampt\/app\/public\/wp-content\/plugins\/all-in-one-wp-migration-master\/lib\/vendor\/servmask\/filter\/class-ai1wm-recursive-newline-filter.php","line":28}

Mar 27 2025 06:04:37
{"type":8192,"message":"Return type of Ai1wm_Recursive_Newline_Filter::accept() should either be compatible with FilterIterator::accept(): bool, or the #[\\ReturnTypeWillChange] attribute should be used to temporarily suppress the notice","file":"\/Users\/sarniel\/Local Sites\/ampt\/app\/public\/wp-content\/plugins\/all-in-one-wp-migration-master\/lib\/vendor\/servmask\/filter\/class-ai1wm-recursive-newline-filter.php","line":28}

Mar 27 2025 06:04:38
{"type":8192,"message":"Return type of Ai1wm_Recursive_Newline_Filter::accept() should either be compatible with FilterIterator::accept(): bool, or the #[\\ReturnTypeWillChange] attribute should be used to temporarily suppress the notice","file":"\/Users\/sarniel\/Local Sites\/ampt\/app\/public\/wp-content\/plugins\/all-in-one-wp-migration-master\/lib\/vendor\/servmask\/filter\/class-ai1wm-recursive-newline-filter.php","line":28}

Mar 27 2025 06:04:38
{"type":8192,"message":"Return type of Ai1wm_Recursive_Newline_Filter::accept() should either be compatible with FilterIterator::accept(): bool, or the #[\\ReturnTypeWillChange] attribute should be used to temporarily suppress the notice","file":"\/Users\/sarniel\/Local Sites\/ampt\/app\/public\/wp-content\/plugins\/all-in-one-wp-migration-master\/lib\/vendor\/servmask\/filter\/class-ai1wm-recursive-newline-filter.php","line":28}

Mar 28 2025 02:51:11
{"Number":8192,"Message":"explode(): Passing null to parameter #2 ($string) of type string is deprecated","File":"\/Users\/sarniel\/Local Sites\/ampt\/app\/public\/wp-content\/plugins\/all-in-one-wp-migration-master\/functions.php","Line":338}

Mar 28 2025 02:51:11
{"type":8192,"message":"Return type of Ai1wm_Recursive_Newline_Filter::accept() should either be compatible with FilterIterator::accept(): bool, or the #[\\ReturnTypeWillChange] attribute should be used to temporarily suppress the notice","file":"\/Users\/sarniel\/Local Sites\/ampt\/app\/public\/wp-content\/plugins\/all-in-one-wp-migration-master\/lib\/vendor\/servmask\/filter\/class-ai1wm-recursive-newline-filter.php","line":28}

Mar 28 2025 02:51:11
{"type":8192,"message":"Return type of Ai1wm_Recursive_Newline_Filter::accept() should either be compatible with FilterIterator::accept(): bool, or the #[\\ReturnTypeWillChange] attribute should be used to temporarily suppress the notice","file":"\/Users\/sarniel\/Local Sites\/ampt\/app\/public\/wp-content\/plugins\/all-in-one-wp-migration-master\/lib\/vendor\/servmask\/filter\/class-ai1wm-recursive-newline-filter.php","line":28}

Mar 28 2025 02:51:11
{"type":8192,"message":"Return type of Ai1wm_Recursive_Newline_Filter::accept() should either be compatible with FilterIterator::accept(): bool, or the #[\\ReturnTypeWillChange] attribute should be used to temporarily suppress the notice","file":"\/Users\/sarniel\/Local Sites\/ampt\/app\/public\/wp-content\/plugins\/all-in-one-wp-migration-master\/lib\/vendor\/servmask\/filter\/class-ai1wm-recursive-newline-filter.php","line":28}

Mar 28 2025 02:51:11
{"type":8192,"message":"Return type of Ai1wm_Recursive_Newline_Filter::accept() should either be compatible with FilterIterator::accept(): bool, or the #[\\ReturnTypeWillChange] attribute should be used to temporarily suppress the notice","file":"\/Users\/sarniel\/Local Sites\/ampt\/app\/public\/wp-content\/plugins\/all-in-one-wp-migration-master\/lib\/vendor\/servmask\/filter\/class-ai1wm-recursive-newline-filter.php","line":28}

Mar 28 2025 02:51:11
{"type":8192,"message":"Return type of Ai1wm_Recursive_Newline_Filter::accept() should either be compatible with FilterIterator::accept(): bool, or the #[\\ReturnTypeWillChange] attribute should be used to temporarily suppress the notice","file":"\/Users\/sarniel\/Local Sites\/ampt\/app\/public\/wp-content\/plugins\/all-in-one-wp-migration-master\/lib\/vendor\/servmask\/filter\/class-ai1wm-recursive-newline-filter.php","line":28}

Mar 28 2025 02:51:19
{"type":8192,"message":"Return type of Ai1wm_Recursive_Newline_Filter::accept() should either be compatible with FilterIterator::accept(): bool, or the #[\\ReturnTypeWillChange] attribute should be used to temporarily suppress the notice","file":"\/Users\/sarniel\/Local Sites\/ampt\/app\/public\/wp-content\/plugins\/all-in-one-wp-migration-master\/lib\/vendor\/servmask\/filter\/class-ai1wm-recursive-newline-filter.php","line":28}

Mar 28 2025 02:51:19
{"type":8192,"message":"Return type of Ai1wm_Recursive_Newline_Filter::accept() should either be compatible with FilterIterator::accept(): bool, or the #[\\ReturnTypeWillChange] attribute should be used to temporarily suppress the notice","file":"\/Users\/sarniel\/Local Sites\/ampt\/app\/public\/wp-content\/plugins\/all-in-one-wp-migration-master\/lib\/vendor\/servmask\/filter\/class-ai1wm-recursive-newline-filter.php","line":28}

Mar 28 2025 02:51:19
{"type":8192,"message":"Return type of Ai1wm_Recursive_Newline_Filter::accept() should either be compatible with FilterIterator::accept(): bool, or the #[\\ReturnTypeWillChange] attribute should be used to temporarily suppress the notice","file":"\/Users\/sarniel\/Local Sites\/ampt\/app\/public\/wp-content\/plugins\/all-in-one-wp-migration-master\/lib\/vendor\/servmask\/filter\/class-ai1wm-recursive-newline-filter.php","line":28}

Mar 28 2025 02:51:19
{"type":8192,"message":"Return type of Ai1wm_Recursive_Newline_Filter::accept() should either be compatible with FilterIterator::accept(): bool, or the #[\\ReturnTypeWillChange] attribute should be used to temporarily suppress the notice","file":"\/Users\/sarniel\/Local Sites\/ampt\/app\/public\/wp-content\/plugins\/all-in-one-wp-migration-master\/lib\/vendor\/servmask\/filter\/class-ai1wm-recursive-newline-filter.php","line":28}

Mar 28 2025 02:51:19
{"type":8192,"message":"Return type of Ai1wm_Recursive_Newline_Filter::accept() should either be compatible with FilterIterator::accept(): bool, or the #[\\ReturnTypeWillChange] attribute should be used to temporarily suppress the notice","file":"\/Users\/sarniel\/Local Sites\/ampt\/app\/public\/wp-content\/plugins\/all-in-one-wp-migration-master\/lib\/vendor\/servmask\/filter\/class-ai1wm-recursive-newline-filter.php","line":28}

Mar 28 2025 03:51:28
{"Number":8192,"Message":"explode(): Passing null to parameter #2 ($string) of type string is deprecated","File":"\/Users\/sarniel\/Local Sites\/ampt\/app\/public\/wp-content\/plugins\/all-in-one-wp-migration-master\/functions.php","Line":338}

Mar 28 2025 03:51:28
{"type":8192,"message":"Return type of Ai1wm_Recursive_Newline_Filter::accept() should either be compatible with FilterIterator::accept(): bool, or the #[\\ReturnTypeWillChange] attribute should be used to temporarily suppress the notice","file":"\/Users\/sarniel\/Local Sites\/ampt\/app\/public\/wp-content\/plugins\/all-in-one-wp-migration-master\/lib\/vendor\/servmask\/filter\/class-ai1wm-recursive-newline-filter.php","line":28}

Mar 28 2025 03:51:28
{"type":8192,"message":"Return type of Ai1wm_Recursive_Newline_Filter::accept() should either be compatible with FilterIterator::accept(): bool, or the #[\\ReturnTypeWillChange] attribute should be used to temporarily suppress the notice","file":"\/Users\/sarniel\/Local Sites\/ampt\/app\/public\/wp-content\/plugins\/all-in-one-wp-migration-master\/lib\/vendor\/servmask\/filter\/class-ai1wm-recursive-newline-filter.php","line":28}

Mar 28 2025 03:51:28
{"type":8192,"message":"Return type of Ai1wm_Recursive_Newline_Filter::accept() should either be compatible with FilterIterator::accept(): bool, or the #[\\ReturnTypeWillChange] attribute should be used to temporarily suppress the notice","file":"\/Users\/sarniel\/Local Sites\/ampt\/app\/public\/wp-content\/plugins\/all-in-one-wp-migration-master\/lib\/vendor\/servmask\/filter\/class-ai1wm-recursive-newline-filter.php","line":28}

Mar 28 2025 03:51:28
{"type":8192,"message":"Return type of Ai1wm_Recursive_Newline_Filter::accept() should either be compatible with FilterIterator::accept(): bool, or the #[\\ReturnTypeWillChange] attribute should be used to temporarily suppress the notice","file":"\/Users\/sarniel\/Local Sites\/ampt\/app\/public\/wp-content\/plugins\/all-in-one-wp-migration-master\/lib\/vendor\/servmask\/filter\/class-ai1wm-recursive-newline-filter.php","line":28}

Mar 28 2025 03:51:29
{"type":8192,"message":"Return type of Ai1wm_Recursive_Newline_Filter::accept() should either be compatible with FilterIterator::accept(): bool, or the #[\\ReturnTypeWillChange] attribute should be used to temporarily suppress the notice","file":"\/Users\/sarniel\/Local Sites\/ampt\/app\/public\/wp-content\/plugins\/all-in-one-wp-migration-master\/lib\/vendor\/servmask\/filter\/class-ai1wm-recursive-newline-filter.php","line":28}

Mar 28 2025 03:51:37
{"type":8192,"message":"Return type of Ai1wm_Recursive_Newline_Filter::accept() should either be compatible with FilterIterator::accept(): bool, or the #[\\ReturnTypeWillChange] attribute should be used to temporarily suppress the notice","file":"\/Users\/sarniel\/Local Sites\/ampt\/app\/public\/wp-content\/plugins\/all-in-one-wp-migration-master\/lib\/vendor\/servmask\/filter\/class-ai1wm-recursive-newline-filter.php","line":28}

Mar 28 2025 03:51:37
{"type":8192,"message":"Return type of Ai1wm_Recursive_Newline_Filter::accept() should either be compatible with FilterIterator::accept(): bool, or the #[\\ReturnTypeWillChange] attribute should be used to temporarily suppress the notice","file":"\/Users\/sarniel\/Local Sites\/ampt\/app\/public\/wp-content\/plugins\/all-in-one-wp-migration-master\/lib\/vendor\/servmask\/filter\/class-ai1wm-recursive-newline-filter.php","line":28}

Mar 28 2025 03:51:37
{"type":8192,"message":"Return type of Ai1wm_Recursive_Newline_Filter::accept() should either be compatible with FilterIterator::accept(): bool, or the #[\\ReturnTypeWillChange] attribute should be used to temporarily suppress the notice","file":"\/Users\/sarniel\/Local Sites\/ampt\/app\/public\/wp-content\/plugins\/all-in-one-wp-migration-master\/lib\/vendor\/servmask\/filter\/class-ai1wm-recursive-newline-filter.php","line":28}

Mar 28 2025 03:51:37
{"type":8192,"message":"Return type of Ai1wm_Recursive_Newline_Filter::accept() should either be compatible with FilterIterator::accept(): bool, or the #[\\ReturnTypeWillChange] attribute should be used to temporarily suppress the notice","file":"\/Users\/sarniel\/Local Sites\/ampt\/app\/public\/wp-content\/plugins\/all-in-one-wp-migration-master\/lib\/vendor\/servmask\/filter\/class-ai1wm-recursive-newline-filter.php","line":28}

Mar 28 2025 03:51:37
{"type":8192,"message":"Return type of Ai1wm_Recursive_Newline_Filter::accept() should either be compatible with FilterIterator::accept(): bool, or the #[\\ReturnTypeWillChange] attribute should be used to temporarily suppress the notice","file":"\/Users\/sarniel\/Local Sites\/ampt\/app\/public\/wp-content\/plugins\/all-in-one-wp-migration-master\/lib\/vendor\/servmask\/filter\/class-ai1wm-recursive-newline-filter.php","line":28}

